2023.06.05 16:51:20 INFO  Started: Metals version 0.11.12 in workspace 'D:\Programming and stuff\pixy-square-portfolio' for client Visual Studio Code 1.78.2.
Jun 05, 2023 4:51:20 PM org.flywaydb.core.internal.license.VersionPrinter printVersionOnly
INFO: Flyway Community Edition 9.16.3 by Redgate
Jun 05, 2023 4:51:20 PM org.flywaydb.core.internal.license.VersionPrinter printVersion
INFO: See release notes here: https://rd.gt/416ObMi
Jun 05, 2023 4:51:20 PM org.flywaydb.core.internal.license.VersionPrinter printVersion
INFO: 
Jun 05, 2023 4:51:21 PM org.flywaydb.core.internal.database.base.BaseDatabaseType createDatabase
INFO: Database: jdbc:h2:file:D:\Programming and stuff\pixy-square-portfolio\.metals\metals (H2 2.1)
Jun 05, 2023 4:51:21 PM org.flywaydb.core.internal.schemahistory.JdbcTableSchemaHistory allAppliedMigrations
INFO: Schema history table "PUBLIC"."flyway_schema_history" does not exist yet
Jun 05, 2023 4:51:21 PM org.flywaydb.core.internal.command.DbValidate validate
INFO: Successfully validated 4 migrations (execution time 00:00.023s)
Jun 05, 2023 4:51:21 PM org.flywaydb.core.internal.schemahistory.JdbcTableSchemaHistory create
INFO: Creating Schema History table "PUBLIC"."flyway_schema_history" ...
Jun 05, 2023 4:51:21 PM org.flywaydb.core.internal.command.DbMigrate migrateGroup
INFO: Current version of schema "PUBLIC": << Empty Schema >>
Jun 05, 2023 4:51:21 PM org.flywaydb.core.internal.command.DbMigrate doMigrateGroup
INFO: Migrating schema "PUBLIC" to version "1 - Create tables"
Jun 05, 2023 4:51:21 PM org.flywaydb.core.internal.command.DbMigrate doMigrateGroup
INFO: Migrating schema "PUBLIC" to version "2 - Server discovery"
Jun 05, 2023 4:51:21 PM org.flywaydb.core.internal.command.DbMigrate doMigrateGroup
INFO: Migrating schema "PUBLIC" to version "3 - Jar symbols"
Jun 05, 2023 4:51:21 PM org.flywaydb.core.internal.command.DbMigrate doMigrateGroup
INFO: Migrating schema "PUBLIC" to version "4 - Fingerprints"
Jun 05, 2023 4:51:21 PM org.flywaydb.core.internal.command.DbMigrate logSummary
INFO: Successfully applied 4 migrations to schema "PUBLIC", now at version v4 (execution time 00:00.082s)
2023.06.05 16:51:21 INFO  time: initialize in 1.06s
2023.06.05 16:51:25 WARN  Build server is not auto-connectable.
2023.06.05 16:51:25 WARN  no build tool detected in workspace 'D:\Programming and stuff\pixy-square-portfolio'. The most common cause for this problem is that the editor was opened in the wrong working directory, for example if you use sbt then the workspace directory should contain build.sbt. 
2023.06.05 17:54:07 INFO  Shutting down server
2023.06.05 17:54:07 INFO  shutting down Metals
2023.06.05 17:54:07 INFO  Exiting server
